生成启动时间为 2017/3/16 16:52:30。
     1>项目“D:\メインフレーム\论文\实验\scale-free_network_building\scale-free_network_building\scale-free_network_building.vcxproj”在节点 2 上(Build 个目标)。
     1>ClCompile:
         C:\Program Files (x86)\Microsoft Visual Studio 12.0\VC\bin\CL.exe /c /ZI /nologo /W3 /WX- /sdl /Od /Oy- /D WIN32 /D _DEBUG /D _CONSOLE /D _LIB /D _UNICODE /D UNICODE /Gm /EHsc /RTC1 /MDd /GS /fp:precise /Zc:wchar_t /Zc:forScope /Fo"Debug\\" /Fd"Debug\vc120.pdb" /Gd /TP /analyze- /errorReport:prompt SF_network.cpp
         SF_network.cpp
     1>d:\メインフレーム\论文\实验\scale-free_network_building\scale-free_network_building\sf_network.cpp(283): warning C4101: “payoffX”: 未引用的局部变量
     1>d:\メインフレーム\论文\实验\scale-free_network_building\scale-free_network_building\sf_network.cpp(282): warning C4101: “strategyY”: 未引用的局部变量
     1>d:\メインフレーム\论文\实验\scale-free_network_building\scale-free_network_building\sf_network.cpp(280): warning C4101: “i”: 未引用的局部变量
     1>d:\メインフレーム\论文\实验\scale-free_network_building\scale-free_network_building\sf_network.cpp(281): warning C4101: “playerY”: 未引用的局部变量
     1>d:\メインフレーム\论文\实验\scale-free_network_building\scale-free_network_building\sf_network.cpp(284): warning C4101: “AverP_c”: 未引用的局部变量
     1>d:\メインフレーム\论文\实验\scale-free_network_building\scale-free_network_building\sf_network.cpp(280): warning C4101: “steps”: 未引用的局部变量
     1>d:\メインフレーム\论文\实验\scale-free_network_building\scale-free_network_building\sf_network.cpp(281): warning C4101: “playerX”: 未引用的局部变量
     1>d:\メインフレーム\论文\实验\scale-free_network_building\scale-free_network_building\sf_network.cpp(283): warning C4101: “payoffY”: 未引用的局部变量
     1>d:\メインフレーム\论文\实验\scale-free_network_building\scale-free_network_building\sf_network.cpp(282): warning C4101: “strategyX”: 未引用的局部变量
     1>d:\メインフレーム\论文\实验\scale-free_network_building\scale-free_network_building\sf_network.cpp(284): warning C4101: “P_c”: 未引用的局部变量
       Link:
         C:\Program Files (x86)\Microsoft Visual Studio 12.0\VC\bin\link.exe /ERRORREPORT:PROMPT /OUT:"D:\メインフレーム\论文\实验\scale-free_network_building\Debug\scale-free_network_building.exe" /INCREMENTAL /NOLOGO kernel32.lib user32.lib gdi32.lib winspool.lib comdlg32.lib advapi32.lib shell32.lib ole32.lib oleaut32.lib uuid.lib odbc32.lib odbccp32.lib /MANIFEST /MANIFESTUAC:"level='asInvoker' uiAccess='false'" /manifest:embed /DEBUG /PDB:"D:\メインフレーム\论文\实验\scale-free_network_building\Debug\scale-free_network_building.pdb" /SUBSYSTEM:CONSOLE /TLBID:1 /DYNAMICBASE /NXCOMPAT /IMPLIB:"D:\メインフレーム\论文\实验\scale-free_network_building\Debug\scale-free_network_building.lib" /MACHINE:X86 Debug\SF_network.obj
         scale-free_network_building.vcxproj -> D:\メインフレーム\论文\实验\scale-free_network_building\Debug\scale-free_network_building.exe
     1>已完成生成项目“D:\メインフレーム\论文\实验\scale-free_network_building\scale-free_network_building\scale-free_network_building.vcxproj”(Build 个目标)的操作。

生成成功。

已用时间 00:00:01.70
